TN:
SF:src/styles.js
FNF:0
FNH:0
DA:1,1
LF:1
LH:1
BRF:0
BRH:0
end_of_record
TN:
SF:src/variants.js
FN:1,(anonymous_0)
FNF:1
FNH:1
FNDA:12,(anonymous_0)
DA:1,5
DA:2,12
LF:2
LH:2
BRDA:4,0,0,10
BRDA:4,0,1,2
BRDA:4,1,0,0
BRDA:4,1,1,2
BRDA:6,2,0,1
BRDA:6,2,1,11
BRDA:6,3,0,1
BRDA:6,3,1,10
BRF:8
BRH:7
end_of_record
TN:
SF:src/components/About.js
FN:15,(anonymous_0)
FN:46,(anonymous_1)
FN:59,(anonymous_2)
FN:79,(anonymous_3)
FNF:4
FNH:4
FNDA:4,(anonymous_0)
FNDA:11,(anonymous_1)
FNDA:1,(anonymous_2)
FNDA:4,(anonymous_3)
DA:15,1
DA:16,4
DA:47,11
DA:59,1
DA:60,1
DA:80,4
LF:6
LH:6
BRF:0
BRH:0
end_of_record
TN:
SF:src/components/Banner.js
FN:15,(anonymous_0)
FNF:1
FNH:1
FNDA:1,(anonymous_0)
DA:15,1
DA:16,1
LF:2
LH:2
BRF:0
BRH:0
end_of_record
TN:
SF:src/components/Contact.js
FN:9,(anonymous_0)
FNF:1
FNH:1
FNDA:1,(anonymous_0)
DA:9,1
DA:10,1
LF:2
LH:2
BRF:0
BRH:0
end_of_record
TN:
SF:src/components/Skills.js
FN:19,(anonymous_0)
FN:120,(anonymous_1)
FNF:2
FNH:2
FNDA:1,(anonymous_0)
FNDA:12,(anonymous_1)
DA:19,1
DA:20,1
DA:95,1
DA:121,12
LF:4
LH:4
BRF:0
BRH:0
end_of_record
TN:
SF:src/components/Work.js
FN:11,(anonymous_0)
FNF:1
FNH:1
FNDA:1,(anonymous_0)
DA:11,1
DA:12,1
LF:2
LH:2
BRF:0
BRH:0
end_of_record
TN:
SF:src/constants/index.js
FNF:0
FNH:0
DA:7,1
LF:1
LH:1
BRF:0
BRH:0
end_of_record
